{"contracts\\PaymentChannel.sol":{"l":{"12":3,"13":3,"14":3,"15":3,"19":3,"20":2,"22":1,"23":1,"27":3,"28":2,"29":1,"30":1,"34":3,"35":2,"36":1,"40":2,"41":2,"45":2,"46":2,"50":2,"51":2,"59":2,"63":10,"66":0,"69":0,"72":1},"path":"C:\\Users\\AYUSH ARYAN\\OneDrive\\Desktop\\solidity\\PaymentChannel\\contracts\\PaymentChannel.sol","s":{"1":3,"2":3,"3":3,"4":3,"5":3,"6":2,"7":1,"8":1,"9":3,"10":2,"11":1,"12":1,"13":3,"14":2,"15":1,"16":2,"17":2,"18":2,"19":2,"20":2,"21":2,"22":10,"23":0,"24":0,"25":1},"b":{"1":[2,1],"2":[1,1],"3":[2,1],"4":[1,1],"5":[2,1],"6":[1,1],"7":[2,0]},"f":{"1":3,"2":3,"3":3,"4":3,"5":2,"6":2,"7":2,"8":2,"9":10,"10":0,"11":0,"12":1},"fnMap":{"1":{"name":"constructor","line":11,"loc":{"start":{"line":11,"column":4},"end":{"line":16,"column":4}}},"2":{"name":"close","line":18,"loc":{"start":{"line":18,"column":4},"end":{"line":24,"column":4}}},"3":{"name":"extendTimeout","line":26,"loc":{"start":{"line":26,"column":4},"end":{"line":31,"column":4}}},"4":{"name":"timeOut","line":33,"loc":{"start":{"line":33,"column":4},"end":{"line":37,"column":4}}},"5":{"name":"isValid","line":39,"loc":{"start":{"line":39,"column":4},"end":{"line":42,"column":4}}},"6":{"name":"recover","line":44,"loc":{"start":{"line":44,"column":4},"end":{"line":47,"column":4}}},"7":{"name":"splitSignautre","line":49,"loc":{"start":{"line":49,"column":4},"end":{"line":56,"column":4}}},"8":{"name":"prefixed","line":58,"loc":{"start":{"line":58,"column":4},"end":{"line":60,"column":4}}},"9":{"name":"getMessageHash","line":62,"loc":{"start":{"line":62,"column":4},"end":{"line":64,"column":4}}},"10":{"name":"getBalanceNow","line":65,"loc":{"start":{"line":65,"column":4},"end":{"line":67,"column":4}}},"11":{"name":"getTimeStamp","line":68,"loc":{"start":{"line":68,"column":4},"end":{"line":70,"column":4}}},"12":{"name":"getExpiration","line":71,"loc":{"start":{"line":71,"column":4},"end":{"line":73,"column":4}}}},"statementMap":{"1":{"start":{"line":12,"column":8},"end":{"line":12,"column":35}},"2":{"start":{"line":13,"column":8},"end":{"line":13,"column":36}},"3":{"start":{"line":14,"column":8},"end":{"line":14,"column":31}},"4":{"start":{"line":15,"column":8},"end":{"line":15,"column":33}},"5":{"start":{"line":19,"column":8},"end":{"line":19,"column":57}},"6":{"start":{"line":20,"column":8},"end":{"line":20,"column":59}},"7":{"start":{"line":22,"column":8},"end":{"line":22,"column":43}},"8":{"start":{"line":23,"column":8},"end":{"line":23,"column":27}},"9":{"start":{"line":27,"column":8},"end":{"line":27,"column":53}},"10":{"start":{"line":28,"column":8},"end":{"line":28,"column":66}},"11":{"start":{"line":29,"column":8},"end":{"line":29,"column":54}},"12":{"start":{"line":30,"column":8},"end":{"line":30,"column":27}},"13":{"start":{"line":34,"column":8},"end":{"line":34,"column":53}},"14":{"start":{"line":35,"column":8},"end":{"line":35,"column":58}},"15":{"start":{"line":36,"column":8},"end":{"line":36,"column":40}},"16":{"start":{"line":40,"column":8},"end":{"line":40,"column":79}},"17":{"start":{"line":41,"column":8},"end":{"line":41,"column":48}},"18":{"start":{"line":45,"column":8},"end":{"line":45,"column":64}},"19":{"start":{"line":46,"column":8},"end":{"line":46,"column":41}},"20":{"start":{"line":50,"column":8},"end":{"line":50,"column":33}},"21":{"start":{"line":59,"column":8},"end":{"line":59,"column":86}},"22":{"start":{"line":63,"column":8},"end":{"line":63,"column":57}},"23":{"start":{"line":66,"column":8},"end":{"line":66,"column":36}},"24":{"start":{"line":69,"column":8},"end":{"line":69,"column":30}},"25":{"start":{"line":72,"column":8},"end":{"line":72,"column":43}}},"branchMap":{"1":{"line":19,"type":"if","locations":[{"start":{"line":19,"column":8},"end":{"line":19,"column":8}},{"start":{"line":19,"column":8},"end":{"line":19,"column":8}}]},"2":{"line":20,"type":"if","locations":[{"start":{"line":20,"column":8},"end":{"line":20,"column":8}},{"start":{"line":20,"column":8},"end":{"line":20,"column":8}}]},"3":{"line":27,"type":"if","locations":[{"start":{"line":27,"column":8},"end":{"line":27,"column":8}},{"start":{"line":27,"column":8},"end":{"line":27,"column":8}}]},"4":{"line":28,"type":"if","locations":[{"start":{"line":28,"column":8},"end":{"line":28,"column":8}},{"start":{"line":28,"column":8},"end":{"line":28,"column":8}}]},"5":{"line":34,"type":"if","locations":[{"start":{"line":34,"column":8},"end":{"line":34,"column":8}},{"start":{"line":34,"column":8},"end":{"line":34,"column":8}}]},"6":{"line":35,"type":"if","locations":[{"start":{"line":35,"column":8},"end":{"line":35,"column":8}},{"start":{"line":35,"column":8},"end":{"line":35,"column":8}}]},"7":{"line":50,"type":"if","locations":[{"start":{"line":50,"column":8},"end":{"line":50,"column":8}},{"start":{"line":50,"column":8},"end":{"line":50,"column":8}}]}}}}